======================================================================
CFT delta_j optimization for Erdős Problem #273 (M = {p-1}).
======================================================================
mpmath precision: 25 dp

K_small = 7, N = 200
primes[0..9] = [2, 3, 5, 7, 11, 13, 17, 19, 23, 29], primes[N-1] = p_200 = 1223
deltas[6..12] = [0.0, 0.171, 0.19, 0.199, 0.21, 0.21, 0.224]

|S_j|: squarefree[0..9] = [2.0, 3.0, 5.0, 7.0, 11.0, 13.0, 17.0, 19.0, 23.0, 29.0]
|S_j|: M-setting[0..9]  = [2.0, 6.0, 20.0, 42.0, 110.0, 156.0, 272.0, 342.0, 506.0, 812.0]

----------------------------------------------------------------------
STEP 1. SQUAREFREE SANITY CHECK at C_0 = 118 (CFT 2022 published).
----------------------------------------------------------------------
  small k=1 p=2: w_k(B_k) <= 0.000000e+00
  small k=2 p=3: w_k(B_k) <= 0.000000e+00
  small k=3 p=5: w_k(B_k) <= 0.000000e+00
  small k=4 p=7: w_k(B_k) <= 4.761905e-03
  small k=5 p=11: w_k(B_k) <= 2.727273e-02
  small k=6 p=13: w_k(B_k) <= 4.995005e-02
  small k=7 p=17: w_k(B_k) <= 6.013986e-02
  mid k=8 p=19: w_k(B_k) <= 3.774805e-02  (cumsum mid=0.037748)
  mid k=9 p=23: w_k(B_k) <= 3.591759e-02  (cumsum mid=0.073666)
  mid k=10 p=29: w_k(B_k) <= 3.053947e-02  (cumsum mid=0.104205)
  mid k=11 p=31: w_k(B_k) <= 3.045560e-02  (cumsum mid=0.134661)
  mid k=12 p=37: w_k(B_k) <= 2.503446e-02  (cumsum mid=0.159695)
  mid k=25 p=97: w_k(B_k) <= 1.064758e-02  (cumsum mid=0.382602)
  mid k=50 p=229: w_k(B_k) <= 4.031470e-03  (cumsum mid=0.550093)
  mid k=75 p=379: w_k(B_k) <= 2.082611e-03  (cumsum mid=0.622476)
  mid k=100 p=541: w_k(B_k) <= 1.250219e-03  (cumsum mid=0.664073)
  mid k=125 p=691: w_k(B_k) <= 9.202520e-04  (cumsum mid=0.690623)
  mid k=150 p=863: w_k(B_k) <= 6.813882e-04  (cumsum mid=0.709975)
  mid k=175 p=1039: w_k(B_k) <= 5.287622e-04  (cumsum mid=0.724691)
  mid k=200 p=1223: w_k(B_k) <= 4.216497e-04  (cumsum mid=0.736494)
  [took 0.01s]

setting=squarefree, C_0=118, K_small=7, N=200
  sum_small  = 1.421245e-01
  sum_mid    = 7.364943e-01
  sum_tail   = 3.844555e-01
  TOTAL      = 1.2630742969
  TOTAL < 1? = False

----------------------------------------------------------------------
STEP 2. SQUAREFREE: smallest C_0 with total < 1.
----------------------------------------------------------------------
