==============================================================================
HEURISTIC 𝓜-density-corrected CFT sum (Erdős #273, V3).
==============================================================================
⚠️  Heuristic only — see module docstring + findings note.
mp.dps = 30, N = 100000, K_small = 7
|S_j|^M = p_j(p_j-1) for p_j>=3,  |S_2|^M = 2.

[sieve+build: 0.7s, p_N = 1299709]
|S_j|^M[0..9] = [2.0, 6.0, 20.0, 42.0, 110.0, 156.0, 272.0, 342.0, 506.0, 812.0]

------------------------------------------------------------------------------
Split at C_0 = 118 (same C_0 as the squarefree baseline):
  small = 0.047740  mid = 0.000140  tail = 3.050e-12
  TOTAL = 0.047880   (<1? True)

------------------------------------------------------------------------------
Smallest C_0 with heuristic TOTAL < 1:
  [bisection: 3.6s]
  ==> C_𝓜(heuristic) = 1
      split: small=0.917545 mid=0.000140 tail=3.050e-12
      TOTAL = 0.91768531 < 1
      check C_0=0: TOTAL = 0.91768531 (<1)

COMPARISON:
  squarefree (validated CFT)    : C_0 = 118
  BBMST universal (published)   : 615,999
  𝓜 heuristic (this script, N=100000): 1

⚠️  The 𝓜 number is HEURISTIC: ‖F(A)‖^M ≠ modulus, so it is NOT a
    proven min-modulus bound. It indicates relative hardness only.
