==============================================================================
density_scan.py: D(L) = sum_{m | L, m+1 prime, m >= 4} 1/m
Base for redundancy: L = 27720 = 2^3 · 3^2 · 5 · 7 · 11
==============================================================================

L = 27720 = 2^3 · 3^2 · 5 · 7 · 11
  |M_L| = 34
  D(L)  = 953/990  (= 0.962626)
  D(L) < 1 ? True
  M_L = [4, 6, 10, 12, 18, 22, 28, 30, 36, 40, 42, 60, 66, 70, 72, 88, 126, 180, 198, 210, 280, 330, 396, 420, 462, 616, 630, 660, 990, 1320, 2310, 2520, 4620, 9240]

L = 55440 = 2^4 · 3^2 · 5 · 7 · 11
  |M_L| = 43
  D(L)  = 6429/6160  (= 1.043669)
  D(L) < 1 ? False
  M_L \ div(27720) = [16, 112, 240, 336, 880, 1008, 3696, 18480, 55440]
  subsumed by L=27720? False
  NONREDUNDANT (D<1 and new mods)? False
  M_L = [4, 6, 10, 12, 16, 18, 22, 28, 30, 36, 40, 42, 60, 66, 70, 72, 88, 112, 126, 180, 198, 210, 240, 280, 330, 336, 396, 420, 462, 616, 630, 660, 880, 990, 1008, 1320, 2310, 2520, 3696, 4620, 9240, 18480, 55440]

L = 83160 = 2^3 · 3^3 · 5 · 7 · 11
  |M_L| = 45
  D(L)  = 27241/27720  (= 0.982720)
  D(L) < 1 ? True
  M_L \ div(27720) = [108, 270, 378, 540, 756, 2376, 2970, 4158, 7560, 8316, 16632]
  subsumed by L=27720? False
  NONREDUNDANT (D<1 and new mods)? True
  M_L = [4, 6, 10, 12, 18, 22, 28, 30, 36, 40, 42, 60, 66, 70, 72, 88, 108, 126, 180, 198, 210, 270, 280, 330, 378, 396, 420, 462, 540, 616, 630, 660, 756, 990, 1320, 2310, 2376, 2520, 2970, 4158, 4620, 7560, 8316, 9240, 16632]

L = 110880 = 2^5 · 3^2 · 5 · 7 · 11
  |M_L| = 52
  D(L)  = 117517/110880  (= 1.059858)
  D(L) < 1 ? False
  M_L \ div(27720) = [16, 96, 112, 240, 336, 352, 672, 880, 1008, 2016, 3168, 3360, 3696, 5280, 7392, 18480, 55440, 110880]
  subsumed by L=27720? False
  NONREDUNDANT (D<1 and new mods)? False
  M_L = [4, 6, 10, 12, 16, 18, 22, 28, 30, 36, 40, 42, 60, 66, 70, 72, 88, 96, 112, 126, 180, 198, 210, 240, 280, 330, 336, 352, 396, 420, 462, 616, 630, 660, 672, 880, 990, 1008, 1320, 2016, 2310, 2520, 3168, 3360, 3696, 4620, 5280, 7392, 9240, 18480, 55440, 110880]

L = 138600 = 2^3 · 3^2 · 5^2 · 7 · 11
  |M_L| = 51
  D(L)  = 68293/69300  (= 0.985469)
  D(L) < 1 ? True
  M_L \ div(27720) = [100, 150, 600, 700, 1050, 1800, 3300, 3850, 4200, 4950, 6300, 9900, 11550, 12600, 15400, 19800, 34650]
  subsumed by L=27720? False
  NONREDUNDANT (D<1 and new mods)? True
  M_L = [4, 6, 10, 12, 18, 22, 28, 30, 36, 40, 42, 60, 66, 70, 72, 88, 100, 126, 150, 180, 198, 210, 280, 330, 396, 420, 462, 600, 616, 630, 660, 700, 990, 1050, 1320, 1800, 2310, 2520, 3300, 3850, 4200, 4620, 4950, 6300, 9240, 9900, 11550, 12600, 15400, 19800, 34650]

L = 166320 = 2^4 · 3^3 · 5 · 7 · 11
  |M_L| = 58
  D(L)  = 11827/11088  (= 1.066649)
  D(L) < 1 ? False
  M_L \ div(27720) = [16, 108, 112, 240, 270, 336, 378, 432, 540, 756, 880, 1008, 2160, 2376, 2970, 3696, 4158, 7560, 8316, 15120, 16632, 18480, 23760, 55440]
  subsumed by L=27720? False
  NONREDUNDANT (D<1 and new mods)? False
  M_L = [4, 6, 10, 12, 16, 18, 22, 28, 30, 36, 40, 42, 60, 66, 70, 72, 88, 108, 112, 126, 180, 198, 210, 240, 270, 280, 330, 336, 378, 396, 420, 432, 462, 540, 616, 630, 660, 756, 880, 990, 1008, 1320, 2160, 2310, 2376, 2520, 2970, 3696, 4158, 4620, 7560, 8316, 9240, 15120, 16632, 18480, 23760, 55440]

L = 180180 = 2^2 · 3^2 · 5 · 7 · 11 · 13
  |M_L| = 47
  D(L)  = 173003/180180  (= 0.960168)
  D(L) < 1 ? True
  M_L \ div(27720) = [52, 78, 130, 156, 546, 858, 910, 1092, 1170, 2002, 2340, 2730, 2860, 6006, 8190, 8580, 16380, 20020, 25740, 36036, 180180]
  subsumed by L=27720? False
  NONREDUNDANT (D<1 and new mods)? True
  M_L = [4, 6, 10, 12, 18, 22, 28, 30, 36, 42, 52, 60, 66, 70, 78, 126, 130, 156, 180, 198, 210, 330, 396, 420, 462, 546, 630, 660, 858, 910, 990, 1092, 1170, 2002, 2310, 2340, 2730, 2860, 4620, 6006, 8190, 8580, 16380, 20020, 25740, 36036, 180180]

L = 194040 = 2^3 · 3^2 · 5 · 7^2 · 11
  |M_L| = 45
  D(L)  = 6739/6930  (= 0.972439)
  D(L) < 1 ? True
  M_L \ div(27720) = [196, 490, 882, 1470, 3528, 5880, 6468, 8820, 10780, 32340, 97020]
  subsumed by L=27720? False
  NONREDUNDANT (D<1 and new mods)? True
  M_L = [4, 6, 10, 12, 18, 22, 28, 30, 36, 40, 42, 60, 66, 70, 72, 88, 126, 180, 196, 198, 210, 280, 330, 396, 420, 462, 490, 616, 630, 660, 882, 990, 1320, 1470, 2310, 2520, 3528, 4620, 5880, 6468, 8820, 9240, 10780, 32340, 97020]

L = 221760 = 2^6 · 3^2 · 5 · 7 · 11
  |M_L| = 58
  D(L)  = 11861/11088  (= 1.069715)
  D(L) < 1 ? False
  M_L \ div(27720) = [16, 96, 112, 192, 240, 336, 352, 448, 576, 672, 880, 1008, 2016, 2112, 3168, 3360, 3696, 5280, 6336, 7392, 18480, 20160, 55440, 110880]
  subsumed by L=27720? False
  NONREDUNDANT (D<1 and new mods)? False
  M_L = [4, 6, 10, 12, 16, 18, 22, 28, 30, 36, 40, 42, 60, 66, 70, 72, 88, 96, 112, 126, 180, 192, 198, 210, 240, 280, 330, 336, 352, 396, 420, 448, 462, 576, 616, 630, 660, 672, 880, 990, 1008, 1320, 2016, 2112, 2310, 2520, 3168, 3360, 3696, 4620, 5280, 6336, 7392, 9240, 18480, 20160, 55440, 110880]

L = 235620 = 2^2 · 3^2 · 5 · 7 · 11 · 17
  |M_L| = 47
  D(L)  = 219277/235620  (= 0.930638)
  D(L) < 1 ? True
  M_L \ div(27720) = [102, 238, 306, 612, 1020, 1122, 1428, 1530, 1870, 2142, 2380, 3060, 3570, 5236, 6732, 10710, 16830, 23562, 78540, 117810, 235620]
  subsumed by L=27720? False
  NONREDUNDANT (D<1 and new mods)? True
  M_L = [4, 6, 10, 12, 18, 22, 28, 30, 36, 42, 60, 66, 70, 102, 126, 180, 198, 210, 238, 306, 330, 396, 420, 462, 612, 630, 660, 990, 1020, 1122, 1428, 1530, 1870, 2142, 2310, 2380, 3060, 3570, 4620, 5236, 6732, 10710, 16830, 23562, 78540, 117810, 235620]

L = 249480 = 2^3 · 3^4 · 5 · 7 · 11
  |M_L| = 51
  D(L)  = 2812/2835  (= 0.991887)
  D(L) < 1 ? True
  M_L \ div(27720) = [108, 162, 270, 378, 540, 756, 810, 1620, 1782, 2268, 2376, 2970, 4158, 7128, 7560, 8316, 16632]
  subsumed by L=27720? False
  NONREDUNDANT (D<1 and new mods)? True
  M_L = [4, 6, 10, 12, 18, 22, 28, 30, 36, 40, 42, 60, 66, 70, 72, 88, 108, 126, 162, 180, 198, 210, 270, 280, 330, 378, 396, 420, 462, 540, 616, 630, 660, 756, 810, 990, 1320, 1620, 1782, 2268, 2310, 2376, 2520, 2970, 4158, 4620, 7128, 7560, 8316, 9240, 16632]

L = 263340 = 2^2 · 3^2 · 5 · 7 · 11 · 19
  |M_L| = 39
  D(L)  = 1277/1386  (= 0.921356)
  D(L) < 1 ? True
  M_L \ div(27720) = [190, 228, 418, 570, 1596, 2926, 4788, 6270, 8778, 11970, 12540, 43890, 131670]
  subsumed by L=27720? False
  NONREDUNDANT (D<1 and new mods)? True
  M_L = [4, 6, 10, 12, 18, 22, 28, 30, 36, 42, 60, 66, 70, 126, 180, 190, 198, 210, 228, 330, 396, 418, 420, 462, 570, 630, 660, 990, 1596, 2310, 2926, 4620, 4788, 6270, 8778, 11970, 12540, 43890, 131670]

L = 304920 = 2^3 · 3^2 · 5 · 7 · 11^2
  |M_L| = 48
  D(L)  = 147319/152460  (= 0.966280)
  D(L) < 1 ? True
  M_L \ div(27720) = [726, 1452, 2178, 3388, 3630, 4356, 8712, 10890, 25410, 30492, 50820, 76230, 101640, 152460]
  subsumed by L=27720? False
  NONREDUNDANT (D<1 and new mods)? True
  M_L = [4, 6, 10, 12, 18, 22, 28, 30, 36, 40, 42, 60, 66, 70, 72, 88, 126, 180, 198, 210, 280, 330, 396, 420, 462, 616, 630, 660, 726, 990, 1320, 1452, 2178, 2310, 2520, 3388, 3630, 4356, 4620, 8712, 9240, 10890, 25410, 30492, 50820, 76230, 101640, 152460]

L = 318780 = 2^2 · 3^2 · 5 · 7 · 11 · 23
  |M_L| = 47
  D(L)  = 302311/318780  (= 0.948337)
  D(L) < 1 ? True
  M_L \ div(27720) = [46, 138, 276, 460, 690, 828, 966, 1012, 1380, 1932, 2530, 3036, 3220, 4830, 7590, 9108, 9660, 10626, 45540, 106260, 318780]
  subsumed by L=27720? False
  NONREDUNDANT (D<1 and new mods)? True
  M_L = [4, 6, 10, 12, 18, 22, 28, 30, 36, 42, 46, 60, 66, 70, 126, 138, 180, 198, 210, 276, 330, 396, 420, 460, 462, 630, 660, 690, 828, 966, 990, 1012, 1380, 1932, 2310, 2530, 3036, 3220, 4620, 4830, 7590, 9108, 9660, 10626, 45540, 106260, 318780]

L = 360360 = 2^3 · 3^2 · 5 · 7 · 11 · 13
  |M_L| = 64
  D(L)  = 24593/24024  (= 1.023685)
  D(L) < 1 ? False
  M_L \ div(27720) = [52, 78, 130, 156, 312, 520, 546, 858, 910, 936, 1092, 1170, 2002, 2340, 2730, 2860, 3432, 6006, 6552, 8008, 8190, 8580, 16380, 20020, 25740, 36036, 51480, 72072, 120120, 180180]
  subsumed by L=27720? False
  NONREDUNDANT (D<1 and new mods)? False
  M_L = [4, 6, 10, 12, 18, 22, 28, 30, 36, 40, 42, 52, 60, 66, 70, 72, 78, 88, 126, 130, 156, 180, 198, 210, 280, 312, 330, 396, 420, 462, 520, 546, 616, 630, 660, 858, 910, 936, 990, 1092, 1170, 1320, 2002, 2310, 2340, 2520, 2730, 2860, 3432, 4620, 6006, 6552, 8008, 8190, 8580, 9240, 16380, 20020, 25740, 36036, 51480, 72072, 120120, 180180]

L = 401940 = 2^2 · 3^2 · 5 · 7 · 11 · 29
  |M_L| = 43
  D(L)  = 124711/133980  (= 0.930818)
  D(L) < 1 ? True
  M_L \ div(27720) = [58, 348, 522, 1276, 1740, 2436, 3190, 5742, 6090, 7308, 8932, 13398, 19140, 28710, 36540, 133980, 200970]
  subsumed by L=27720? False
  NONREDUNDANT (D<1 and new mods)? True
  M_L = [4, 6, 10, 12, 18, 22, 28, 30, 36, 42, 58, 60, 66, 70, 126, 180, 198, 210, 330, 348, 396, 420, 462, 522, 630, 660, 990, 1276, 1740, 2310, 2436, 3190, 4620, 5742, 6090, 7308, 8932, 13398, 19140, 28710, 36540, 133980, 200970]

L = 429660 = 2^2 · 3^2 · 5 · 7 · 11 · 31
  |M_L| = 45
  D(L)  = 19696/21483  (= 0.916818)
  D(L) < 1 ? True
  M_L \ div(27720) = [310, 372, 682, 1116, 1302, 1860, 2790, 3906, 4092, 5580, 12276, 14322, 19530, 42966, 47740, 61380, 85932, 214830, 429660]
  subsumed by L=27720? False
  NONREDUNDANT (D<1 and new mods)? True
  M_L = [4, 6, 10, 12, 18, 22, 28, 30, 36, 42, 60, 66, 70, 126, 180, 198, 210, 310, 330, 372, 396, 420, 462, 630, 660, 682, 990, 1116, 1302, 1860, 2310, 2790, 3906, 4092, 4620, 5580, 12276, 14322, 19530, 42966, 47740, 61380, 85932, 214830, 429660]

L = 443520 = 2^7 · 3^2 · 5 · 7 · 11
  |M_L| = 68
  D(L)  = 238109/221760  (= 1.073724)
  D(L) < 1 ? False
  M_L \ div(27720) = [16, 96, 112, 192, 240, 336, 352, 448, 576, 640, 672, 880, 1008, 1152, 1408, 2016, 2112, 2688, 3168, 3360, 3696, 4480, 5280, 6336, 7392, 9856, 13440, 18480, 20160, 21120, 29568, 55440, 63360, 110880]
  subsumed by L=27720? False
  NONREDUNDANT (D<1 and new mods)? False
  M_L = [4, 6, 10, 12, 16, 18, 22, 28, 30, 36, 40, 42, 60, 66, 70, 72, 88, 96, 112, 126, 180, 192, 198, 210, 240, 280, 330, 336, 352, 396, 420, 448, 462, 576, 616, 630, 640, 660, 672, 880, 990, 1008, 1152, 1320, 1408, 2016, 2112, 2310, 2520, 2688, 3168, 3360, 3696, 4480, 4620, 5280, 6336, 7392, 9240, 9856, 13440, 18480, 20160, 21120, 29568, 55440, 63360, 110880]

L = 471240 = 2^3 · 3^2 · 5 · 7 · 11 · 17
  |M_L| = 67
  D(L)  = 58847/58905  (= 0.999015)
  D(L) < 1 ? True
  M_L \ div(27720) = [102, 136, 238, 306, 408, 612, 952, 1020, 1122, 1428, 1530, 1870, 2142, 2380, 2856, 3060, 3570, 5236, 6120, 6732, 7480, 10710, 14280, 16830, 22440, 23562, 42840, 52360, 78540, 117810, 157080, 235620, 471240]
  subsumed by L=27720? False
  NONREDUNDANT (D<1 and new mods)? True
  M_L = [4, 6, 10, 12, 18, 22, 28, 30, 36, 40, 42, 60, 66, 70, 72, 88, 102, 126, 136, 180, 198, 210, 238, 280, 306, 330, 396, 408, 420, 462, 612, 616, 630, 660, 952, 990, 1020, 1122, 1320, 1428, 1530, 1870, 2142, 2310, 2380, 2520, 2856, 3060, 3570, 4620, 5236, 6120, 6732, 7480, 9240, 10710, 14280, 16830, 22440, 23562, 42840, 52360, 78540, 117810, 157080, 235620, 471240]

L = 512820 = 2^2 · 3^2 · 5 · 7 · 11 · 37
  |M_L| = 41
  D(L)  = 235723/256410  (= 0.919321)
  D(L) < 1 ? True
  M_L \ div(27720) = [148, 222, 2220, 2590, 3108, 3330, 4662, 6660, 12210, 14652, 15540, 23310, 24420, 51282, 512820]
  subsumed by L=27720? False
  NONREDUNDANT (D<1 and new mods)? True
  M_L = [4, 6, 10, 12, 18, 22, 28, 30, 36, 42, 60, 66, 70, 126, 148, 180, 198, 210, 222, 330, 396, 420, 462, 630, 660, 990, 2220, 2310, 2590, 3108, 3330, 4620, 4662, 6660, 12210, 14652, 15540, 23310, 24420, 51282, 512820]

L = 526680 = 2^3 · 3^2 · 5 · 7 · 11 · 19
  |M_L| = 54
  D(L)  = 517301/526680  (= 0.982192)
  D(L) < 1 ? True
  M_L \ div(27720) = [190, 228, 418, 456, 570, 760, 1596, 2280, 2926, 4788, 6270, 6840, 8778, 11970, 12540, 43890, 47880, 105336, 131670, 526680]
  subsumed by L=27720? False
  NONREDUNDANT (D<1 and new mods)? True
  M_L = [4, 6, 10, 12, 18, 22, 28, 30, 36, 40, 42, 60, 66, 70, 72, 88, 126, 180, 190, 198, 210, 228, 280, 330, 396, 418, 420, 456, 462, 570, 616, 630, 660, 760, 990, 1320, 1596, 2280, 2310, 2520, 2926, 4620, 4788, 6270, 6840, 8778, 9240, 11970, 12540, 43890, 47880, 105336, 131670, 526680]

L = 540540 = 2^2 · 3^3 · 5 · 7 · 11 · 13
  |M_L| = 63
  D(L)  = 264931/270270  (= 0.980246)
  D(L) < 1 ? True
  M_L \ div(27720) = [52, 78, 108, 130, 156, 270, 378, 540, 546, 756, 858, 910, 1092, 1170, 2002, 2340, 2730, 2860, 2970, 3510, 4158, 6006, 7722, 8190, 8316, 8580, 9828, 16380, 20020, 24570, 25740, 36036, 38610, 108108, 180180, 270270, 540540]
  subsumed by L=27720? False
  NONREDUNDANT (D<1 and new mods)? True
  M_L = [4, 6, 10, 12, 18, 22, 28, 30, 36, 42, 52, 60, 66, 70, 78, 108, 126, 130, 156, 180, 198, 210, 270, 330, 378, 396, 420, 462, 540, 546, 630, 660, 756, 858, 910, 990, 1092, 1170, 2002, 2310, 2340, 2730, 2860, 2970, 3510, 4158, 4620, 6006, 7722, 8190, 8316, 8580, 9828, 16380, 20020, 24570, 25740, 36036, 38610, 108108, 180180, 270270, 540540]

L = 568260 = 2^2 · 3^2 · 5 · 7 · 11 · 41
  |M_L| = 43
  D(L)  = 524771/568260  (= 0.923470)
  D(L) < 1 ? True
  M_L \ div(27720) = [82, 738, 820, 1230, 1722, 2706, 3690, 5166, 5412, 5740, 10332, 27060, 40590, 56826, 81180, 189420, 284130]
  subsumed by L=27720? False
  NONREDUNDANT (D<1 and new mods)? True
  M_L = [4, 6, 10, 12, 18, 22, 28, 30, 36, 42, 60, 66, 70, 82, 126, 180, 198, 210, 330, 396, 420, 462, 630, 660, 738, 820, 990, 1230, 1722, 2310, 2706, 3690, 4620, 5166, 5412, 5740, 10332, 27060, 40590, 56826, 81180, 189420, 284130]

L = 595980 = 2^2 · 3^2 · 5 · 7 · 11 · 43
  |M_L| = 47
  D(L)  = 136769/148995  (= 0.917944)
  D(L) < 1 ? True
  M_L \ div(27720) = [172, 430, 946, 1290, 1548, 3010, 3612, 5418, 7740, 9460, 10836, 17028, 18060, 19866, 27090, 39732, 42570, 54180, 66220, 297990, 595980]
  subsumed by L=27720? False
  NONREDUNDANT (D<1 and new mods)? True
  M_L = [4, 6, 10, 12, 18, 22, 28, 30, 36, 42, 60, 66, 70, 126, 172, 180, 198, 210, 330, 396, 420, 430, 462, 630, 660, 946, 990, 1290, 1548, 2310, 3010, 3612, 4620, 5418, 7740, 9460, 10836, 17028, 18060, 19866, 27090, 39732, 42570, 54180, 66220, 297990, 595980]

L = 637560 = 2^3 · 3^2 · 5 · 7 · 11 · 23
  |M_L| = 62
  D(L)  = 641869/637560  (= 1.006759)
  D(L) < 1 ? False
  M_L \ div(27720) = [46, 138, 276, 460, 690, 828, 966, 1012, 1288, 1380, 1656, 1932, 2530, 3036, 3220, 4830, 6072, 7590, 9108, 9660, 10626, 11592, 18216, 45540, 70840, 91080, 106260, 318780]
  subsumed by L=27720? False
  NONREDUNDANT (D<1 and new mods)? False
  M_L = [4, 6, 10, 12, 18, 22, 28, 30, 36, 40, 42, 46, 60, 66, 70, 72, 88, 126, 138, 180, 198, 210, 276, 280, 330, 396, 420, 460, 462, 616, 630, 660, 690, 828, 966, 990, 1012, 1288, 1320, 1380, 1656, 1932, 2310, 2520, 2530, 3036, 3220, 4620, 4830, 6072, 7590, 9108, 9240, 9660, 10626, 11592, 18216, 45540, 70840, 91080, 106260, 318780]

L = 651420 = 2^2 · 3^2 · 5 · 7 · 11 · 47
  |M_L| = 42
  D(L)  = 148889/162855  (= 0.914243)
  D(L) < 1 ? True
  M_L \ div(27720) = [282, 658, 940, 1692, 2068, 4230, 5170, 5922, 6580, 8460, 9870, 15510, 29610, 36190, 59220, 108570]
  subsumed by L=27720? False
  NONREDUNDANT (D<1 and new mods)? True
  M_L = [4, 6, 10, 12, 18, 22, 28, 30, 36, 42, 60, 66, 70, 126, 180, 198, 210, 282, 330, 396, 420, 462, 630, 658, 660, 940, 990, 1692, 2068, 2310, 4230, 4620, 5170, 5922, 6580, 8460, 9870, 15510, 29610, 36190, 59220, 108570]

L = 693000 = 2^3 · 3^2 · 5^3 · 7 · 11
  |M_L| = 64
  D(L)  = 687601/693000  (= 0.992209)
  D(L) < 1 ? True
  M_L \ div(27720) = [100, 150, 250, 600, 700, 750, 1050, 1800, 2250, 3000, 3300, 3850, 4200, 4950, 5500, 6300, 7000, 9000, 9900, 10500, 11550, 12600, 15400, 19800, 21000, 34650, 38500, 57750, 231000, 346500]
  subsumed by L=27720? False
  NONREDUNDANT (D<1 and new mods)? True
  M_L = [4, 6, 10, 12, 18, 22, 28, 30, 36, 40, 42, 60, 66, 70, 72, 88, 100, 126, 150, 180, 198, 210, 250, 280, 330, 396, 420, 462, 600, 616, 630, 660, 700, 750, 990, 1050, 1320, 1800, 2250, 2310, 2520, 3000, 3300, 3850, 4200, 4620, 4950, 5500, 6300, 7000, 9000, 9240, 9900, 10500, 11550, 12600, 15400, 19800, 21000, 34650, 38500, 57750, 231000, 346500]

L = 734580 = 2^2 · 3^2 · 5 · 7 · 11 · 53
  |M_L| = 42
  D(L)  = 168809/183645  (= 0.919214)
  D(L) < 1 ? True
  M_L \ div(27720) = [106, 742, 1060, 2332, 3180, 3498, 6678, 6996, 11130, 17490, 33390, 34980, 48972, 73458, 146916, 244860]
  subsumed by L=27720? False
  NONREDUNDANT (D<1 and new mods)? True
  M_L = [4, 6, 10, 12, 18, 22, 28, 30, 36, 42, 60, 66, 70, 106, 126, 180, 198, 210, 330, 396, 420, 462, 630, 660, 742, 990, 1060, 2310, 2332, 3180, 3498, 4620, 6678, 6996, 11130, 17490, 33390, 34980, 48972, 73458, 146916, 244860]

L = 748440 = 2^3 · 3^5 · 5 · 7 · 11
  |M_L| = 63
  D(L)  = 82711/83160  (= 0.994601)
  D(L) < 1 ? True
  M_L \ div(27720) = [108, 162, 270, 378, 486, 540, 756, 810, 1620, 1782, 2268, 2376, 2970, 4158, 4860, 5346, 7128, 7560, 8316, 9720, 16632, 17010, 26730, 37422, 68040, 106920, 149688, 187110, 748440]
  subsumed by L=27720? False
  NONREDUNDANT (D<1 and new mods)? True
  M_L = [4, 6, 10, 12, 18, 22, 28, 30, 36, 40, 42, 60, 66, 70, 72, 88, 108, 126, 162, 180, 198, 210, 270, 280, 330, 378, 396, 420, 462, 486, 540, 616, 630, 660, 756, 810, 990, 1320, 1620, 1782, 2268, 2310, 2376, 2520, 2970, 4158, 4620, 4860, 5346, 7128, 7560, 8316, 9240, 9720, 16632, 17010, 26730, 37422, 68040, 106920, 149688, 187110, 748440]

L = 803880 = 2^3 · 3^2 · 5 · 7 · 11 · 29
  |M_L| = 56
  D(L)  = 797743/803880  (= 0.992366)
  D(L) < 1 ? True
  M_L \ div(27720) = [58, 232, 348, 522, 1276, 1740, 2088, 2436, 3190, 5742, 6090, 7308, 8932, 13398, 19140, 28710, 36540, 38280, 53592, 133980, 200970, 267960]
  subsumed by L=27720? False
  NONREDUNDANT (D<1 and new mods)? True
  M_L = [4, 6, 10, 12, 18, 22, 28, 30, 36, 40, 42, 58, 60, 66, 70, 72, 88, 126, 180, 198, 210, 232, 280, 330, 348, 396, 420, 462, 522, 616, 630, 660, 990, 1276, 1320, 1740, 2088, 2310, 2436, 2520, 3190, 4620, 5742, 6090, 7308, 8932, 9240, 13398, 19140, 28710, 36540, 38280, 53592, 133980, 200970, 267960]

L = 859320 = 2^3 · 3^2 · 5 · 7 · 11 · 31
  |M_L| = 61
  D(L)  = 20932/21483  (= 0.974352)
  D(L) < 1 ? True
  M_L \ div(27720) = [310, 372, 682, 1116, 1302, 1860, 2728, 2790, 3906, 4092, 5208, 5580, 8680, 11160, 12276, 14322, 19530, 26040, 42966, 47740, 61380, 78120, 85932, 122760, 214830, 429660, 859320]
  subsumed by L=27720? False
  NONREDUNDANT (D<1 and new mods)? True
  M_L = [4, 6, 10, 12, 18, 22, 28, 30, 36, 40, 42, 60, 66, 70, 72, 88, 126, 180, 198, 210, 280, 310, 330, 372, 396, 420, 462, 616, 630, 660, 682, 990, 1116, 1302, 1320, 1860, 2310, 2520, 2728, 2790, 3906, 4092, 4620, 5208, 5580, 8680, 9240, 11160, 12276, 14322, 19530, 26040, 42966, 47740, 61380, 78120, 85932, 122760, 214830, 429660, 859320]

L = 900900 = 2^2 · 3^2 · 5^2 · 7 · 11 · 13
  |M_L| = 69
  D(L)  = 11797/12012  (= 0.982101)
  D(L) < 1 ? True
  M_L \ div(27720) = [52, 78, 100, 130, 150, 156, 546, 700, 858, 910, 1050, 1092, 1170, 1300, 1950, 2002, 2340, 2730, 2860, 3300, 3850, 4950, 5850, 6006, 6300, 7150, 8190, 8580, 9900, 11550, 11700, 16380, 20020, 25740, 34650, 36036, 42900, 50050, 81900, 150150, 180180, 300300, 450450]
  subsumed by L=27720? False
  NONREDUNDANT (D<1 and new mods)? True
  M_L = [4, 6, 10, 12, 18, 22, 28, 30, 36, 42, 52, 60, 66, 70, 78, 100, 126, 130, 150, 156, 180, 198, 210, 330, 396, 420, 462, 546, 630, 660, 700, 858, 910, 990, 1050, 1092, 1170, 1300, 1950, 2002, 2310, 2340, 2730, 2860, 3300, 3850, 4620, 4950, 5850, 6006, 6300, 7150, 8190, 8580, 9900, 11550, 11700, 16380, 20020, 25740, 34650, 36036, 42900, 50050, 81900, 150150, 180180, 300300, 450450]

L = 997920 = 2^5 · 3^4 · 5 · 7 · 11
  |M_L| = 84
  D(L)  = 1091183/997920  (= 1.093457)
  D(L) < 1 ? False
  M_L \ div(27720) = [16, 96, 108, 112, 162, 240, 270, 336, 352, 378, 432, 540, 672, 756, 810, 880, 1008, 1296, 1620, 1782, 2016, 2160, 2268, 2376, 2592, 2970, 3168, 3360, 3696, 4158, 5280, 6480, 7128, 7392, 7560, 8316, 15120, 16632, 18480, 23760, 28512, 30240, 45360, 47520, 55440, 66528, 99792, 110880, 332640, 498960]
  subsumed by L=27720? False
  NONREDUNDANT (D<1 and new mods)? False
  M_L = [4, 6, 10, 12, 16, 18, 22, 28, 30, 36, 40, 42, 60, 66, 70, 72, 88, 96, 108, 112, 126, 162, 180, 198, 210, 240, 270, 280, 330, 336, 352, 378, 396, 420, 432, 462, 540, 616, 630, 660, 672, 756, 810, 880, 990, 1008, 1296, 1320, 1620, 1782, 2016, 2160, 2268, 2310, 2376, 2520, 2592, 2970, 3168, 3360, 3696, 4158, 4620, 5280, 6480, 7128, 7392, 7560, 8316, 9240, 15120, 16632, 18480, 23760, 28512, 30240, 45360, 47520, 55440, 66528, 99792, 110880, 332640, 498960]

L = 1025640 = 2^3 · 3^2 · 5 · 7 · 11 · 37
  |M_L| = 59
  D(L)  = 501311/512820  (= 0.977557)
  D(L) < 1 ? True
  M_L \ div(27720) = [148, 222, 1480, 2220, 2590, 3108, 3256, 3330, 4440, 4662, 6216, 6660, 9768, 12210, 14652, 15540, 23310, 24420, 31080, 51282, 93240, 146520, 205128, 512820, 1025640]
  subsumed by L=27720? False
  NONREDUNDANT (D<1 and new mods)? True
  M_L = [4, 6, 10, 12, 18, 22, 28, 30, 36, 40, 42, 60, 66, 70, 72, 88, 126, 148, 180, 198, 210, 222, 280, 330, 396, 420, 462, 616, 630, 660, 990, 1320, 1480, 2220, 2310, 2520, 2590, 3108, 3256, 3330, 4440, 4620, 4662, 6216, 6660, 9240, 9768, 12210, 14652, 15540, 23310, 24420, 31080, 51282, 93240, 146520, 205128, 512820, 1025640]

L = 1136520 = 2^3 · 3^2 · 5 · 7 · 11 · 41
  |M_L| = 55
  D(L)  = 557479/568260  (= 0.981028)
  D(L) < 1 ? True
  M_L \ div(27720) = [82, 738, 820, 1230, 1722, 2296, 2706, 2952, 3690, 5166, 5412, 5740, 10332, 18040, 27060, 40590, 54120, 56826, 81180, 189420, 284130]
  subsumed by L=27720? False
  NONREDUNDANT (D<1 and new mods)? True
  M_L = [4, 6, 10, 12, 18, 22, 28, 30, 36, 40, 42, 60, 66, 70, 72, 82, 88, 126, 180, 198, 210, 280, 330, 396, 420, 462, 616, 630, 660, 738, 820, 990, 1230, 1320, 1722, 2296, 2310, 2520, 2706, 2952, 3690, 4620, 5166, 5412, 5740, 9240, 10332, 18040, 27060, 40590, 54120, 56826, 81180, 189420, 284130]

L = 1191960 = 2^3 · 3^2 · 5 · 7 · 11 · 43
  |M_L| = 62
  D(L)  = 232787/238392  (= 0.976488)
  D(L) < 1 ? True
  M_L \ div(27720) = [172, 430, 946, 1032, 1290, 1548, 1720, 3010, 3612, 5418, 7740, 9460, 10836, 11352, 12040, 17028, 18060, 19866, 21672, 26488, 27090, 34056, 39732, 42570, 54180, 66220, 297990, 595980]
  subsumed by L=27720? False
  NONREDUNDANT (D<1 and new mods)? True
  M_L = [4, 6, 10, 12, 18, 22, 28, 30, 36, 40, 42, 60, 66, 70, 72, 88, 126, 172, 180, 198, 210, 280, 330, 396, 420, 430, 462, 616, 630, 660, 946, 990, 1032, 1290, 1320, 1548, 1720, 2310, 2520, 3010, 3612, 4620, 5418, 7740, 9240, 9460, 10836, 11352, 12040, 17028, 18060, 19866, 21672, 26488, 27090, 34056, 39732, 42570, 54180, 66220, 297990, 595980]

L = 1261260 = 2^2 · 3^2 · 5 · 7^2 · 11 · 13
  |M_L| = 66
  D(L)  = 611921/630630  (= 0.970333)
  D(L) < 1 ? True
  M_L \ div(27720) = [52, 78, 130, 156, 196, 490, 546, 858, 882, 910, 1092, 1170, 1470, 2002, 2340, 2548, 2730, 2860, 3822, 6006, 6468, 8190, 8580, 8820, 10780, 11466, 16380, 20020, 25740, 32340, 36036, 42042, 57330, 97020, 114660, 126126, 180180, 252252, 420420, 1261260]
  subsumed by L=27720? False
  NONREDUNDANT (D<1 and new mods)? True
  M_L = [4, 6, 10, 12, 18, 22, 28, 30, 36, 42, 52, 60, 66, 70, 78, 126, 130, 156, 180, 196, 198, 210, 330, 396, 420, 462, 490, 546, 630, 660, 858, 882, 910, 990, 1092, 1170, 1470, 2002, 2310, 2340, 2548, 2730, 2860, 3822, 4620, 6006, 6468, 8190, 8580, 8820, 10780, 11466, 16380, 20020, 25740, 32340, 36036, 42042, 57330, 97020, 114660, 126126, 180180, 252252, 420420, 1261260]

L = 1358280 = 2^3 · 3^2 · 5 · 7^3 · 11
  |M_L| = 57
  D(L)  = 330623/339570  (= 0.973652)
  D(L) < 1 ? True
  M_L \ div(27720) = [196, 490, 882, 1372, 1470, 3528, 5880, 6468, 7546, 8232, 8820, 10780, 13720, 22638, 24696, 30870, 32340, 41160, 97020, 135828, 226380, 271656, 1358280]
  subsumed by L=27720? False
  NONREDUNDANT (D<1 and new mods)? True
  M_L = [4, 6, 10, 12, 18, 22, 28, 30, 36, 40, 42, 60, 66, 70, 72, 88, 126, 180, 196, 198, 210, 280, 330, 396, 420, 462, 490, 616, 630, 660, 882, 990, 1320, 1372, 1470, 2310, 2520, 3528, 4620, 5880, 6468, 7546, 8232, 8820, 9240, 10780, 13720, 22638, 24696, 30870, 32340, 41160, 97020, 135828, 226380, 271656, 1358280]

L = 1981980 = 2^2 · 3^2 · 5 · 7 · 11^2 · 13
  |M_L| = 65
  D(L)  = 1910437/1981980  (= 0.963903)
  D(L) < 1 ? True
  M_L \ div(27720) = [52, 78, 130, 156, 546, 726, 858, 910, 1092, 1170, 1452, 2002, 2178, 2340, 2730, 2860, 3388, 3630, 4356, 6006, 8190, 8580, 9438, 10890, 15730, 16380, 20020, 25410, 25740, 30492, 36036, 50820, 56628, 66066, 76230, 152460, 180180, 330330, 660660]
  subsumed by L=27720? False
  NONREDUNDANT (D<1 and new mods)? True
  M_L = [4, 6, 10, 12, 18, 22, 28, 30, 36, 42, 52, 60, 66, 70, 78, 126, 130, 156, 180, 198, 210, 330, 396, 420, 462, 546, 630, 660, 726, 858, 910, 990, 1092, 1170, 1452, 2002, 2178, 2310, 2340, 2730, 2860, 3388, 3630, 4356, 4620, 6006, 8190, 8580, 9438, 10890, 15730, 16380, 20020, 25410, 25740, 30492, 36036, 50820, 56628, 66066, 76230, 152460, 180180, 330330, 660660]

L = 3354120 = 2^3 · 3^2 · 5 · 7 · 11^3
  |M_L| = 57
  D(L)  = 1080899/1118040  (= 0.966780)
  D(L) < 1 ? True
  M_L \ div(27720) = [726, 1452, 2178, 2662, 3388, 3630, 4356, 8712, 10890, 15972, 25410, 30492, 47916, 50820, 55902, 76230, 79860, 101640, 152460, 159720, 279510, 1118040, 3354120]
  subsumed by L=27720? False
  NONREDUNDANT (D<1 and new mods)? True
  M_L = [4, 6, 10, 12, 18, 22, 28, 30, 36, 40, 42, 60, 66, 70, 72, 88, 126, 180, 198, 210, 280, 330, 396, 420, 462, 616, 630, 660, 726, 990, 1320, 1452, 2178, 2310, 2520, 2662, 3388, 3630, 4356, 4620, 8712, 9240, 10890, 15972, 25410, 30492, 47916, 50820, 55902, 76230, 79860, 101640, 152460, 159720, 279510, 1118040, 3354120]

L = 5987520 = 2^6 · 3^5 · 5 · 7 · 11
  |M_L| = 111
  D(L)  = 3312917/2993760  (= 1.106607)
  D(L) < 1 ? False
  M_L \ div(27720) = [16, 96, 108, 112, 162, 192, 240, 270, 336, 352, 378, 432, 448, 486, 540, 576, 672, 756, 810, 880, 1008, 1296, 1620, 1782, 2016, 2112, 2160, 2268, 2376, 2592, 2970, 3168, 3360, 3696, 3888, 4158, 4860, 5280, 5346, 6336, 6480, 7128, 7392, 7560, 8316, 8640, 9720, 12096, 15120, 16632, 17010, 18480, 19008, 19440, 20160, 23760, 26730, 28512, 30240, 37422, 45360, 47520, 55440, 66528, 68040, 77760, 99792, 106920, 110880, 149688, 187110, 285120, 332640, 427680, 498960, 748440, 1995840]
  subsumed by L=27720? False
  NONREDUNDANT (D<1 and new mods)? False
  M_L = [4, 6, 10, 12, 16, 18, 22, 28, 30, 36, 40, 42, 60, 66, 70, 72, 88, 96, 108, 112, 126, 162, 180, 192, 198, 210, 240, 270, 280, 330, 336, 352, 378, 396, 420, 432, 448, 462, 486, 540, 576, 616, 630, 660, 672, 756, 810, 880, 990, 1008, 1296, 1320, 1620, 1782, 2016, 2112, 2160, 2268, 2310, 2376, 2520, 2592, 2970, 3168, 3360, 3696, 3888, 4158, 4620, 4860, 5280, 5346, 6336, 6480, 7128, 7392, 7560, 8316, 8640, 9240, 9720, 12096, 15120, 16632, 17010, 18480, 19008, 19440, 20160, 23760, 26730, 28512, 30240, 37422, 45360, 47520, 55440, 66528, 68040, 77760, 99792, 106920, 110880, 149688, 187110, 285120, 332640, 427680, 498960, 748440, 1995840]

==============================================================================
SUMMARY TABLE
==============================================================================
         L  |M_L|         D(L) (Fraction)       D(L)   <1?  new mods?  NONREDUND.
---------------------------------------------------------------------------------
     27720     34                 953/990   0.962626   YES          0        base
     55440     43               6429/6160   1.043669    no          9          no
     83160     45             27241/27720   0.982720   YES         11         YES
    110880     52           117517/110880   1.059858    no         18          no
    138600     51             68293/69300   0.985469   YES         17         YES
    166320     58             11827/11088   1.066649    no         24          no
    180180     47           173003/180180   0.960168   YES         21         YES
    194040     45               6739/6930   0.972439   YES         11         YES
    221760     58             11861/11088   1.069715    no         24          no
    235620     47           219277/235620   0.930638   YES         21         YES
    249480     51               2812/2835   0.991887   YES         17         YES
    263340     39               1277/1386   0.921356   YES         13         YES
    304920     48           147319/152460   0.966280   YES         14         YES
    318780     47           302311/318780   0.948337   YES         21         YES
    360360     64             24593/24024   1.023685    no         30          no
    401940     43           124711/133980   0.930818   YES         17         YES
    429660     45             19696/21483   0.916818   YES         19         YES
    443520     68           238109/221760   1.073724    no         34          no
    471240     67             58847/58905   0.999015   YES         33         YES
    512820     41           235723/256410   0.919321   YES         15         YES
    526680     54           517301/526680   0.982192   YES         20         YES
    540540     63           264931/270270   0.980246   YES         37         YES
    568260     43           524771/568260   0.923470   YES         17         YES
    595980     47           136769/148995   0.917944   YES         21         YES
    637560     62           641869/637560   1.006759    no         28          no
    651420     42           148889/162855   0.914243   YES         16         YES
    693000     64           687601/693000   0.992209   YES         30         YES
    734580     42           168809/183645   0.919214   YES         16         YES
    748440     63             82711/83160   0.994601   YES         29         YES
    803880     56           797743/803880   0.992366   YES         22         YES
    859320     61             20932/21483   0.974352   YES         27         YES
    900900     69             11797/12012   0.982101   YES         43         YES
    997920     84          1091183/997920   1.093457    no         50          no
   1025640     59           501311/512820   0.977557   YES         25         YES
   1136520     55           557479/568260   0.981028   YES         21         YES
   1191960     62           232787/238392   0.976488   YES         28         YES
   1261260     66           611921/630630   0.970333   YES         40         YES
   1358280     57           330623/339570   0.973652   YES         23         YES
   1981980     65         1910437/1981980   0.963903   YES         39         YES
   3354120     57         1080899/1118040   0.966780   YES         23         YES
   5987520    111         3312917/2993760   1.106607    no         77          no

==============================================================================
WINNERS: L > 27720 with D(L) < 1 AND M_L \not\subseteq M_27720
==============================================================================
  L =    83160 = 2^3 · 3^3 · 5 · 7 · 11 :  D = 27241/27720 ≈ 0.982720, new moduli = [108, 270, 378, 540, 756, 2376, 2970, 4158, 7560, 8316, 16632]
  L =   138600 = 2^3 · 3^2 · 5^2 · 7 · 11 :  D = 68293/69300 ≈ 0.985469, new moduli = [100, 150, 600, 700, 1050, 1800, 3300, 3850, 4200, 4950, 6300, 9900, 11550, 12600, 15400, 19800, 34650]
  L =   180180 = 2^2 · 3^2 · 5 · 7 · 11 · 13 :  D = 173003/180180 ≈ 0.960168, new moduli = [52, 78, 130, 156, 546, 858, 910, 1092, 1170, 2002, 2340, 2730, 2860, 6006, 8190, 8580, 16380, 20020, 25740, 36036, 180180]
  L =   194040 = 2^3 · 3^2 · 5 · 7^2 · 11 :  D = 6739/6930 ≈ 0.972439, new moduli = [196, 490, 882, 1470, 3528, 5880, 6468, 8820, 10780, 32340, 97020]
  L =   235620 = 2^2 · 3^2 · 5 · 7 · 11 · 17 :  D = 219277/235620 ≈ 0.930638, new moduli = [102, 238, 306, 612, 1020, 1122, 1428, 1530, 1870, 2142, 2380, 3060, 3570, 5236, 6732, 10710, 16830, 23562, 78540, 117810, 235620]
  L =   249480 = 2^3 · 3^4 · 5 · 7 · 11 :  D = 2812/2835 ≈ 0.991887, new moduli = [108, 162, 270, 378, 540, 756, 810, 1620, 1782, 2268, 2376, 2970, 4158, 7128, 7560, 8316, 16632]
  L =   263340 = 2^2 · 3^2 · 5 · 7 · 11 · 19 :  D = 1277/1386 ≈ 0.921356, new moduli = [190, 228, 418, 570, 1596, 2926, 4788, 6270, 8778, 11970, 12540, 43890, 131670]
  L =   304920 = 2^3 · 3^2 · 5 · 7 · 11^2 :  D = 147319/152460 ≈ 0.966280, new moduli = [726, 1452, 2178, 3388, 3630, 4356, 8712, 10890, 25410, 30492, 50820, 76230, 101640, 152460]
  L =   318780 = 2^2 · 3^2 · 5 · 7 · 11 · 23 :  D = 302311/318780 ≈ 0.948337, new moduli = [46, 138, 276, 460, 690, 828, 966, 1012, 1380, 1932, 2530, 3036, 3220, 4830, 7590, 9108, 9660, 10626, 45540, 106260, 318780]
  L =   401940 = 2^2 · 3^2 · 5 · 7 · 11 · 29 :  D = 124711/133980 ≈ 0.930818, new moduli = [58, 348, 522, 1276, 1740, 2436, 3190, 5742, 6090, 7308, 8932, 13398, 19140, 28710, 36540, 133980, 200970]
  L =   429660 = 2^2 · 3^2 · 5 · 7 · 11 · 31 :  D = 19696/21483 ≈ 0.916818, new moduli = [310, 372, 682, 1116, 1302, 1860, 2790, 3906, 4092, 5580, 12276, 14322, 19530, 42966, 47740, 61380, 85932, 214830, 429660]
  L =   471240 = 2^3 · 3^2 · 5 · 7 · 11 · 17 :  D = 58847/58905 ≈ 0.999015, new moduli = [102, 136, 238, 306, 408, 612, 952, 1020, 1122, 1428, 1530, 1870, 2142, 2380, 2856, 3060, 3570, 5236, 6120, 6732, 7480, 10710, 14280, 16830, 22440, 23562, 42840, 52360, 78540, 117810, 157080, 235620, 471240]
  L =   512820 = 2^2 · 3^2 · 5 · 7 · 11 · 37 :  D = 235723/256410 ≈ 0.919321, new moduli = [148, 222, 2220, 2590, 3108, 3330, 4662, 6660, 12210, 14652, 15540, 23310, 24420, 51282, 512820]
  L =   526680 = 2^3 · 3^2 · 5 · 7 · 11 · 19 :  D = 517301/526680 ≈ 0.982192, new moduli = [190, 228, 418, 456, 570, 760, 1596, 2280, 2926, 4788, 6270, 6840, 8778, 11970, 12540, 43890, 47880, 105336, 131670, 526680]
  L =   540540 = 2^2 · 3^3 · 5 · 7 · 11 · 13 :  D = 264931/270270 ≈ 0.980246, new moduli = [52, 78, 108, 130, 156, 270, 378, 540, 546, 756, 858, 910, 1092, 1170, 2002, 2340, 2730, 2860, 2970, 3510, 4158, 6006, 7722, 8190, 8316, 8580, 9828, 16380, 20020, 24570, 25740, 36036, 38610, 108108, 180180, 270270, 540540]
  L =   568260 = 2^2 · 3^2 · 5 · 7 · 11 · 41 :  D = 524771/568260 ≈ 0.923470, new moduli = [82, 738, 820, 1230, 1722, 2706, 3690, 5166, 5412, 5740, 10332, 27060, 40590, 56826, 81180, 189420, 284130]
  L =   595980 = 2^2 · 3^2 · 5 · 7 · 11 · 43 :  D = 136769/148995 ≈ 0.917944, new moduli = [172, 430, 946, 1290, 1548, 3010, 3612, 5418, 7740, 9460, 10836, 17028, 18060, 19866, 27090, 39732, 42570, 54180, 66220, 297990, 595980]
  L =   651420 = 2^2 · 3^2 · 5 · 7 · 11 · 47 :  D = 148889/162855 ≈ 0.914243, new moduli = [282, 658, 940, 1692, 2068, 4230, 5170, 5922, 6580, 8460, 9870, 15510, 29610, 36190, 59220, 108570]
  L =   693000 = 2^3 · 3^2 · 5^3 · 7 · 11 :  D = 687601/693000 ≈ 0.992209, new moduli = [100, 150, 250, 600, 700, 750, 1050, 1800, 2250, 3000, 3300, 3850, 4200, 4950, 5500, 6300, 7000, 9000, 9900, 10500, 11550, 12600, 15400, 19800, 21000, 34650, 38500, 57750, 231000, 346500]
  L =   734580 = 2^2 · 3^2 · 5 · 7 · 11 · 53 :  D = 168809/183645 ≈ 0.919214, new moduli = [106, 742, 1060, 2332, 3180, 3498, 6678, 6996, 11130, 17490, 33390, 34980, 48972, 73458, 146916, 244860]
  L =   748440 = 2^3 · 3^5 · 5 · 7 · 11 :  D = 82711/83160 ≈ 0.994601, new moduli = [108, 162, 270, 378, 486, 540, 756, 810, 1620, 1782, 2268, 2376, 2970, 4158, 4860, 5346, 7128, 7560, 8316, 9720, 16632, 17010, 26730, 37422, 68040, 106920, 149688, 187110, 748440]
  L =   803880 = 2^3 · 3^2 · 5 · 7 · 11 · 29 :  D = 797743/803880 ≈ 0.992366, new moduli = [58, 232, 348, 522, 1276, 1740, 2088, 2436, 3190, 5742, 6090, 7308, 8932, 13398, 19140, 28710, 36540, 38280, 53592, 133980, 200970, 267960]
  L =   859320 = 2^3 · 3^2 · 5 · 7 · 11 · 31 :  D = 20932/21483 ≈ 0.974352, new moduli = [310, 372, 682, 1116, 1302, 1860, 2728, 2790, 3906, 4092, 5208, 5580, 8680, 11160, 12276, 14322, 19530, 26040, 42966, 47740, 61380, 78120, 85932, 122760, 214830, 429660, 859320]
  L =   900900 = 2^2 · 3^2 · 5^2 · 7 · 11 · 13 :  D = 11797/12012 ≈ 0.982101, new moduli = [52, 78, 100, 130, 150, 156, 546, 700, 858, 910, 1050, 1092, 1170, 1300, 1950, 2002, 2340, 2730, 2860, 3300, 3850, 4950, 5850, 6006, 6300, 7150, 8190, 8580, 9900, 11550, 11700, 16380, 20020, 25740, 34650, 36036, 42900, 50050, 81900, 150150, 180180, 300300, 450450]
  L =  1025640 = 2^3 · 3^2 · 5 · 7 · 11 · 37 :  D = 501311/512820 ≈ 0.977557, new moduli = [148, 222, 1480, 2220, 2590, 3108, 3256, 3330, 4440, 4662, 6216, 6660, 9768, 12210, 14652, 15540, 23310, 24420, 31080, 51282, 93240, 146520, 205128, 512820, 1025640]
  L =  1136520 = 2^3 · 3^2 · 5 · 7 · 11 · 41 :  D = 557479/568260 ≈ 0.981028, new moduli = [82, 738, 820, 1230, 1722, 2296, 2706, 2952, 3690, 5166, 5412, 5740, 10332, 18040, 27060, 40590, 54120, 56826, 81180, 189420, 284130]
  L =  1191960 = 2^3 · 3^2 · 5 · 7 · 11 · 43 :  D = 232787/238392 ≈ 0.976488, new moduli = [172, 430, 946, 1032, 1290, 1548, 1720, 3010, 3612, 5418, 7740, 9460, 10836, 11352, 12040, 17028, 18060, 19866, 21672, 26488, 27090, 34056, 39732, 42570, 54180, 66220, 297990, 595980]
  L =  1261260 = 2^2 · 3^2 · 5 · 7^2 · 11 · 13 :  D = 611921/630630 ≈ 0.970333, new moduli = [52, 78, 130, 156, 196, 490, 546, 858, 882, 910, 1092, 1170, 1470, 2002, 2340, 2548, 2730, 2860, 3822, 6006, 6468, 8190, 8580, 8820, 10780, 11466, 16380, 20020, 25740, 32340, 36036, 42042, 57330, 97020, 114660, 126126, 180180, 252252, 420420, 1261260]
  L =  1358280 = 2^3 · 3^2 · 5 · 7^3 · 11 :  D = 330623/339570 ≈ 0.973652, new moduli = [196, 490, 882, 1372, 1470, 3528, 5880, 6468, 7546, 8232, 8820, 10780, 13720, 22638, 24696, 30870, 32340, 41160, 97020, 135828, 226380, 271656, 1358280]
  L =  1981980 = 2^2 · 3^2 · 5 · 7 · 11^2 · 13 :  D = 1910437/1981980 ≈ 0.963903, new moduli = [52, 78, 130, 156, 546, 726, 858, 910, 1092, 1170, 1452, 2002, 2178, 2340, 2730, 2860, 3388, 3630, 4356, 6006, 8190, 8580, 9438, 10890, 15730, 16380, 20020, 25410, 25740, 30492, 36036, 50820, 56628, 66066, 76230, 152460, 180180, 330330, 660660]
  L =  3354120 = 2^3 · 3^2 · 5 · 7 · 11^3 :  D = 1080899/1118040 ≈ 0.966780, new moduli = [726, 1452, 2178, 2662, 3388, 3630, 4356, 8712, 10890, 15972, 25410, 30492, 47916, 50820, 55902, 76230, 79860, 101640, 152460, 159720, 279510, 1118040, 3354120]

==============================================================================
FAILED density (D(L) >= 1) — these L's give NO direct conclusion
==============================================================================
  L =    55440: D(L) = 6429/6160 ≈ 1.043669
  L =   110880: D(L) = 117517/110880 ≈ 1.059858
  L =   166320: D(L) = 11827/11088 ≈ 1.066649
  L =   221760: D(L) = 11861/11088 ≈ 1.069715
  L =   360360: D(L) = 24593/24024 ≈ 1.023685
  L =   443520: D(L) = 238109/221760 ≈ 1.073724
  L =   637560: D(L) = 641869/637560 ≈ 1.006759
  L =   997920: D(L) = 1091183/997920 ≈ 1.093457
  L =  5987520: D(L) = 3312917/2993760 ≈ 1.106607
Top 10 winners by |M_L| (largest first):
  L =   900900: |M_L|= 69, new= 43, D=0.982101, 1-D=0.017899
  L =   471240: |M_L|= 67, new= 33, D=0.999015, 1-D=0.000985
  L =  1261260: |M_L|= 66, new= 40, D=0.970333, 1-D=0.029667
  L =  1981980: |M_L|= 65, new= 39, D=0.963903, 1-D=0.036097
  L =   693000: |M_L|= 64, new= 30, D=0.992209, 1-D=0.007791
  L =   748440: |M_L|= 63, new= 29, D=0.994601, 1-D=0.005399
  L =  1191960: |M_L|= 62, new= 28, D=0.976488, 1-D=0.023512
  L =   859320: |M_L|= 61, new= 27, D=0.974352, 1-D=0.025648
  L =  1025640: |M_L|= 59, new= 25, D=0.977557, 1-D=0.022443
  L =  1358280: |M_L|= 57, new= 23, D=0.973652, 1-D=0.026348

Top 10 winners by 1-D(L) (most margin first):
  L =   651420: 1-D=0.085757, D=0.914243, |M_L|=42, new=16
  L =   429660: 1-D=0.083182, D=0.916818, |M_L|=45, new=19
  L =   595980: 1-D=0.082056, D=0.917944, |M_L|=47, new=21
  L =   734580: 1-D=0.080786, D=0.919214, |M_L|=42, new=16
  L =   512820: 1-D=0.080679, D=0.919321, |M_L|=41, new=15
  L =   263340: 1-D=0.078644, D=0.921356, |M_L|=39, new=13
  L =   568260: 1-D=0.076530, D=0.923470, |M_L|=43, new=17
  L =   235620: 1-D=0.069362, D=0.930638, |M_L|=47, new=21
  L =   401940: 1-D=0.069182, D=0.930818, |M_L|=43, new=17
  L =   318780: 1-D=0.051663, D=0.948337, |M_L|=47, new=21

Largest L with D<1 in the canonical list:
  L =  3354120: D=0.966780, |M_L|=57, new=23
  L =  1981980: D=0.963903, |M_L|=65, new=39
  L =  1358280: D=0.973652, |M_L|=57, new=23
  L =  1261260: D=0.970333, |M_L|=66, new=40
  L =  1191960: D=0.976488, |M_L|=62, new=28
