L = 840
  allowed moduli (m in M with m | L, where M = {p-1 : p prime, p>=5}):
    [4, 6, 10, 12, 28, 30, 40, 42, 60, 70, 210, 280, 420]
    (13 moduli)
  density-bound D(L) = sum_{m | L, m in M} 1/m = 0.759524
    --> D(L) < 1 ==> NO strict covering exists at this L.
        (Counting proof: each modulus contributes density 1/m,
         and the moduli are distinct, so total density <= D(L) < 1.)
  variables: 1212 (x_{(a,m)}) + 984 (AMO aux) = 2196
  clauses:   9116
    cover:        840
    at-most-one:  8276
  calling cadical (wall-clock timeout: 30.0s)...
  SAT-solver runtime: 4.0785 s
  SAT-solver verdict: UNSAT

  FINAL VERDICT: UNSAT  (proof source: SAT-solver)

  IMPLICATION FOR ERDŐS #273:
    No strict covering of Z by progressions whose moduli lie
    in M and all divide L = 840 exists. Therefore any
    Erdős #273 covering must use a modulus m in M with
    m NOT dividing 840; equivalently, the LCM of the moduli
    of any such covering does not divide 840. This is a
    numerical lower bound on the LCM of any Erdős #273
    covering.
  total wall-clock: 4.0881 s
